<?xml version="1.0" encoding="UTF-8"?>
<testng-results skipped="0" failed="0" ignored="0" total="1" passed="1">
  <reporter-output>
  </reporter-output>
  <suite name="Default suite" duration-ms="13937" started-at="2020-02-02T21:42:25Z" finished-at="2020-02-02T21:42:39Z">
    <groups>
    </groups>
    <test name="Default test" duration-ms="13937" started-at="2020-02-02T21:42:25Z" finished-at="2020-02-02T21:42:39Z">
      <class name="com.newtoursapp.LoginTest">
        <test-method status="PASS" signature="loginValidation()[pri:0, instance:com.newtoursapp.LoginTest@68c4039c]" name="loginValidation" duration-ms="13882" started-at="2020-02-02T21:42:25Z" finished-at="2020-02-02T21:42:39Z">
          <reporter-output>
          </reporter-output>
        </test-method> <!-- loginValidation -->
      </class> <!-- com.newtoursapp.LoginTest -->
    </test> <!-- Default test -->
  </suite> <!-- Default suite -->
</testng-results>
